0 info it worked if it ends with ok
1 verbose cli [ '/usr/local/bin/node', '/usr/local/bin/npm', 'install' ]
2 info using npm@2.14.7
3 info using node@v4.2.3
4 verbose readDependencies loading dependencies from /home/hemang/oracle-parser/package.json
5 warn package.json sampleapp@1.0.0 No repository field.
6 warn package.json sampleapp@1.0.0 No README data
7 verbose install where, deps [ '/home/hemang/oracle-parser',
7 verbose install   [ 'cheerio', 'express', 'request', 'oracle' ] ]
8 verbose install where, peers [ '/home/hemang/oracle-parser', [] ]
9 verbose installManyTop reading for lifecycle /home/hemang/oracle-parser/package.json
10 info preinstall sampleapp@1.0.0
11 verbose readDependencies loading dependencies from /home/hemang/oracle-parser/package.json
12 silly cache add args [ 'cheerio@^0.19.0', null ]
13 verbose cache add spec cheerio@^0.19.0
14 silly cache add args [ 'express@^4.13.3', null ]
15 verbose cache add spec express@^4.13.3
16 silly cache add parsed spec Result {
16 silly cache add   raw: 'cheerio@^0.19.0',
16 silly cache add   scope: null,
16 silly cache add   name: 'cheerio',
16 silly cache add   rawSpec: '^0.19.0',
16 silly cache add   spec: '>=0.19.0 <0.20.0',
16 silly cache add   type: 'range' }
17 silly addNamed cheerio@>=0.19.0 <0.20.0
18 verbose addNamed ">=0.19.0 <0.20.0" is a valid semver range for cheerio
19 silly addNameRange { name: 'cheerio', range: '>=0.19.0 <0.20.0', hasData: false }
20 silly mapToRegistry name cheerio
21 silly mapToRegistry using default registry
22 silly mapToRegistry registry https://registry.npmjs.org/
23 silly mapToRegistry uri https://registry.npmjs.org/cheerio
24 verbose addNameRange registry:https://registry.npmjs.org/cheerio not in flight; fetching
25 silly cache add parsed spec Result {
25 silly cache add   raw: 'express@^4.13.3',
25 silly cache add   scope: null,
25 silly cache add   name: 'express',
25 silly cache add   rawSpec: '^4.13.3',
25 silly cache add   spec: '>=4.13.3 <5.0.0',
25 silly cache add   type: 'range' }
26 silly addNamed express@>=4.13.3 <5.0.0
27 verbose addNamed ">=4.13.3 <5.0.0" is a valid semver range for express
28 silly addNameRange { name: 'express', range: '>=4.13.3 <5.0.0', hasData: false }
29 silly mapToRegistry name express
30 silly mapToRegistry using default registry
31 silly mapToRegistry registry https://registry.npmjs.org/
32 silly mapToRegistry uri https://registry.npmjs.org/express
33 verbose addNameRange registry:https://registry.npmjs.org/express not in flight; fetching
34 silly cache add args [ 'request@^2.67.0', null ]
35 verbose cache add spec request@^2.67.0
36 silly cache add parsed spec Result {
36 silly cache add   raw: 'request@^2.67.0',
36 silly cache add   scope: null,
36 silly cache add   name: 'request',
36 silly cache add   rawSpec: '^2.67.0',
36 silly cache add   spec: '>=2.67.0 <3.0.0',
36 silly cache add   type: 'range' }
37 silly addNamed request@>=2.67.0 <3.0.0
38 verbose addNamed ">=2.67.0 <3.0.0" is a valid semver range for request
39 silly addNameRange { name: 'request', range: '>=2.67.0 <3.0.0', hasData: false }
40 silly mapToRegistry name request
41 silly mapToRegistry using default registry
42 silly mapToRegistry registry https://registry.npmjs.org/
43 silly mapToRegistry uri https://registry.npmjs.org/request
44 verbose addNameRange registry:https://registry.npmjs.org/request not in flight; fetching
45 silly cache add args [ 'oracle@^1.4.0', null ]
46 verbose cache add spec oracle@^1.4.0
47 silly cache add parsed spec Result {
47 silly cache add   raw: 'oracle@^1.4.0',
47 silly cache add   scope: null,
47 silly cache add   name: 'oracle',
47 silly cache add   rawSpec: '^1.4.0',
47 silly cache add   spec: '>=1.4.0 <2.0.0',
47 silly cache add   type: 'range' }
48 silly addNamed oracle@>=1.4.0 <2.0.0
49 verbose addNamed ">=1.4.0 <2.0.0" is a valid semver range for oracle
50 silly addNameRange { name: 'oracle', range: '>=1.4.0 <2.0.0', hasData: false }
51 silly mapToRegistry name oracle
52 silly mapToRegistry using default registry
53 silly mapToRegistry registry https://registry.npmjs.org/
54 silly mapToRegistry uri https://registry.npmjs.org/oracle
55 verbose addNameRange registry:https://registry.npmjs.org/oracle not in flight; fetching
56 verbose request uri https://registry.npmjs.org/cheerio
57 verbose request no auth needed
58 info attempt registry request try #1 at 23:31:56
59 verbose request id 30ef9ab13dd1565a
60 http request GET https://registry.npmjs.org/cheerio
61 verbose request uri https://registry.npmjs.org/express
62 verbose request no auth needed
63 info attempt registry request try #1 at 23:31:56
64 http request GET https://registry.npmjs.org/express
65 verbose request uri https://registry.npmjs.org/request
66 verbose request no auth needed
67 info attempt registry request try #1 at 23:31:56
68 http request GET https://registry.npmjs.org/request
69 verbose request uri https://registry.npmjs.org/oracle
70 verbose request no auth needed
71 info attempt registry request try #1 at 23:31:56
72 http request GET https://registry.npmjs.org/oracle
73 http 200 https://registry.npmjs.org/cheerio
74 verbose headers { server: 'CouchDB/1.5.0 (Erlang OTP/R16B03)',
74 verbose headers   etag: '"42FVGBPIK5LFQ5YNXG9WLUF3H"',
74 verbose headers   'content-type': 'application/json',
74 verbose headers   'cache-control': 'max-age=60',
74 verbose headers   'content-length': '92289',
74 verbose headers   'accept-ranges': 'bytes',
74 verbose headers   date: 'Tue, 08 Dec 2015 04:31:57 GMT',
74 verbose headers   via: '1.1 varnish',
74 verbose headers   age: '49',
74 verbose headers   connection: 'keep-alive',
74 verbose headers   'x-served-by': 'cache-iad2132-IAD',
74 verbose headers   'x-cache': 'HIT',
74 verbose headers   'x-cache-hits': '1',
74 verbose headers   'x-timer': 'S1449549117.395547,VS0,VE0',
74 verbose headers   vary: 'Accept' }
75 silly get cb [ 200,
75 silly get   { server: 'CouchDB/1.5.0 (Erlang OTP/R16B03)',
75 silly get     etag: '"42FVGBPIK5LFQ5YNXG9WLUF3H"',
75 silly get     'content-type': 'application/json',
75 silly get     'cache-control': 'max-age=60',
75 silly get     'content-length': '92289',
75 silly get     'accept-ranges': 'bytes',
75 silly get     date: 'Tue, 08 Dec 2015 04:31:57 GMT',
75 silly get     via: '1.1 varnish',
75 silly get     age: '49',
75 silly get     connection: 'keep-alive',
75 silly get     'x-served-by': 'cache-iad2132-IAD',
75 silly get     'x-cache': 'HIT',
75 silly get     'x-cache-hits': '1',
75 silly get     'x-timer': 'S1449549117.395547,VS0,VE0',
75 silly get     vary: 'Accept' } ]
76 verbose get saving cheerio to /home/hemang/.npm/registry.npmjs.org/cheerio/.cache.json
77 silly addNameRange number 2 { name: 'cheerio', range: '>=0.19.0 <0.20.0', hasData: true }
78 silly addNameRange versions [ 'cheerio',
78 silly addNameRange   [ '0.0.1',
78 silly addNameRange     '0.0.2',
78 silly addNameRange     '0.0.3',
78 silly addNameRange     '0.0.4',
78 silly addNameRange     '0.1.1',
78 silly addNameRange     '0.1.2',
78 silly addNameRange     '0.1.3',
78 silly addNameRange     '0.1.4',
78 silly addNameRange     '0.1.5',
78 silly addNameRange     '0.2.0',
78 silly addNameRange     '0.2.1',
78 silly addNameRange     '0.2.2',
78 silly addNameRange     '0.3.0',
78 silly addNameRange     '0.3.1',
78 silly addNameRange     '0.3.2',
78 silly addNameRange     '0.4.0',
78 silly addNameRange     '0.4.1',
78 silly addNameRange     '0.4.2',
78 silly addNameRange     '0.5.0',
78 silly addNameRange     '0.5.1',
78 silly addNameRange     '0.5.2',
78 silly addNameRange     '0.6.0',
78 silly addNameRange     '0.6.1',
78 silly addNameRange     '0.6.2',
78 silly addNameRange     '0.7.0',
78 silly addNameRange     '0.8.0',
78 silly addNameRange     '0.8.1',
78 silly addNameRange     '0.8.2',
78 silly addNameRange     '0.8.3',
78 silly addNameRange     '0.9.0',
78 silly addNameRange     '0.9.1',
78 silly addNameRange     '0.9.2',
78 silly addNameRange     '0.10.0',
78 silly addNameRange     '0.10.1',
78 silly addNameRange     '0.10.2',
78 silly addNameRange     '0.10.3',
78 silly addNameRange     '0.10.4',
78 silly addNameRange     '0.10.5',
78 silly addNameRange     '0.10.6',
78 silly addNameRange     '0.10.7',
78 silly addNameRange     '0.10.8',
78 silly addNameRange     '0.11.0',
78 silly addNameRange     '0.12.0',
78 silly addNameRange     '0.12.1',
78 silly addNameRange     '0.12.2',
78 silly addNameRange     '0.12.3',
78 silly addNameRange     '0.12.4',
78 silly addNameRange     '0.13.0',
78 silly addNameRange     '0.13.1',
78 silly addNameRange     '0.14.0',
78 silly addNameRange     '0.15.0',
78 silly addNameRange     '0.16.0',
78 silly addNameRange     '0.17.0',
78 silly addNameRange     '0.18.0',
78 silly addNameRange     '0.19.0' ] ]
79 silly addNamed cheerio@0.19.0
80 verbose addNamed "0.19.0" is a plain semver version for cheerio
81 silly mapToRegistry name cheerio
82 silly mapToRegistry using default registry
83 silly mapToRegistry registry https://registry.npmjs.org/
84 silly mapToRegistry uri https://registry.npmjs.org/cheerio
85 verbose addRemoteTarball https://registry.npmjs.org/cheerio/-/cheerio-0.19.0.tgz not in flight; adding
86 verbose addRemoteTarball [ 'https://registry.npmjs.org/cheerio/-/cheerio-0.19.0.tgz',
86 verbose addRemoteTarball   '772e7015f2ee29965096d71ea4175b75ab354925' ]
87 info retry fetch attempt 1 at 23:31:57
88 info attempt registry request try #1 at 23:31:57
89 http fetch GET https://registry.npmjs.org/cheerio/-/cheerio-0.19.0.tgz
90 http 200 https://registry.npmjs.org/express
91 verbose headers { server: 'CouchDB/1.5.0 (Erlang OTP/R16B03)',
91 verbose headers   etag: '"1YO13IO8800WLVLP2JX6OD9BO"',
91 verbose headers   'content-type': 'application/json',
91 verbose headers   'cache-control': 'max-age=60',
91 verbose headers   'content-length': '528774',
91 verbose headers   'accept-ranges': 'bytes',
91 verbose headers   date: 'Tue, 08 Dec 2015 04:31:57 GMT',
91 verbose headers   via: '1.1 varnish',
91 verbose headers   age: '11',
91 verbose headers   connection: 'keep-alive',
91 verbose headers   'x-served-by': 'cache-iad2143-IAD',
91 verbose headers   'x-cache': 'HIT',
91 verbose headers   'x-cache-hits': '1',
91 verbose headers   'x-timer': 'S1449549117.392415,VS0,VE2',
91 verbose headers   vary: 'Accept' }
92 silly get cb [ 200,
92 silly get   { server: 'CouchDB/1.5.0 (Erlang OTP/R16B03)',
92 silly get     etag: '"1YO13IO8800WLVLP2JX6OD9BO"',
92 silly get     'content-type': 'application/json',
92 silly get     'cache-control': 'max-age=60',
92 silly get     'content-length': '528774',
92 silly get     'accept-ranges': 'bytes',
92 silly get     date: 'Tue, 08 Dec 2015 04:31:57 GMT',
92 silly get     via: '1.1 varnish',
92 silly get     age: '11',
92 silly get     connection: 'keep-alive',
92 silly get     'x-served-by': 'cache-iad2143-IAD',
92 silly get     'x-cache': 'HIT',
92 silly get     'x-cache-hits': '1',
92 silly get     'x-timer': 'S1449549117.392415,VS0,VE2',
92 silly get     vary: 'Accept' } ]
93 verbose get saving express to /home/hemang/.npm/registry.npmjs.org/express/.cache.json
94 http fetch 200 https://registry.npmjs.org/cheerio/-/cheerio-0.19.0.tgz
95 silly fetchAndShaCheck shasum 772e7015f2ee29965096d71ea4175b75ab354925
96 verbose addTmpTarball /tmp/npm-42536-f19c1393/registry.npmjs.org/cheerio/-/cheerio-0.19.0.tgz not in flight; adding
97 verbose addTmpTarball already have metadata; skipping unpack for cheerio@0.19.0
98 silly addNameRange number 2 { name: 'express', range: '>=4.13.3 <5.0.0', hasData: true }
99 silly addNameRange versions [ 'express',
99 silly addNameRange   [ '0.14.0',
99 silly addNameRange     '0.14.1',
99 silly addNameRange     '1.0.0',
99 silly addNameRange     '1.0.1',
99 silly addNameRange     '1.0.2',
99 silly addNameRange     '1.0.3',
99 silly addNameRange     '1.0.4',
99 silly addNameRange     '1.0.5',
99 silly addNameRange     '1.0.6',
99 silly addNameRange     '1.0.7',
99 silly addNameRange     '1.0.8',
99 silly addNameRange     '2.0.0',
99 silly addNameRange     '2.1.0',
99 silly addNameRange     '2.1.1',
99 silly addNameRange     '2.2.0',
99 silly addNameRange     '2.2.1',
99 silly addNameRange     '2.2.2',
99 silly addNameRange     '2.3.0',
99 silly addNameRange     '2.3.1',
99 silly addNameRange     '2.3.2',
99 silly addNameRange     '2.3.3',
99 silly addNameRange     '2.3.4',
99 silly addNameRange     '2.3.5',
99 silly addNameRange     '2.3.6',
99 silly addNameRange     '2.3.7',
99 silly addNameRange     '2.3.8',
99 silly addNameRange     '2.3.9',
99 silly addNameRange     '2.3.10',
99 silly addNameRange     '2.3.11',
99 silly addNameRange     '2.3.12',
99 silly addNameRange     '2.4.0',
99 silly addNameRange     '2.4.1',
99 silly addNameRange     '2.4.2',
99 silly addNameRange     '2.4.3',
99 silly addNameRange     '2.4.4',
99 silly addNameRange     '2.4.5',
99 silly addNameRange     '2.4.6',
99 silly addNameRange     '2.4.7',
99 silly addNameRange     '2.5.0',
99 silly addNameRange     '2.5.1',
99 silly addNameRange     '2.5.2',
99 silly addNameRange     '2.5.3',
99 silly addNameRange     '2.5.4',
99 silly addNameRange     '2.5.5',
99 silly addNameRange     '2.5.6',
99 silly addNameRange     '2.5.7',
99 silly addNameRange     '2.5.8',
99 silly addNameRange     '2.5.9',
99 silly addNameRange     '2.5.10',
99 silly addNameRange     '2.5.11',
99 silly addNameRange     '3.0.0',
99 silly addNameRange     '3.0.1',
99 silly addNameRange     '3.0.2',
99 silly addNameRange     '3.0.3',
99 silly addNameRange     '3.0.4',
99 silly addNameRange     '3.0.5',
99 silly addNameRange     '3.0.6',
99 silly addNameRange     '3.1.0',
99 silly addNameRange     '3.1.1',
99 silly addNameRange     '3.1.2',
99 silly addNameRange     '3.2.0',
99 silly addNameRange     '3.2.1',
99 silly addNameRange     '3.2.2',
99 silly addNameRange     '3.2.3',
99 silly addNameRange     '3.2.4',
99 silly addNameRange     '3.2.5',
99 silly addNameRange     '3.2.6',
99 silly addNameRange     '3.3.0',
99 silly addNameRange     '3.3.1',
99 silly addNameRange     '3.3.2',
99 silly addNameRange     '3.3.3',
99 silly addNameRange     '3.3.4',
99 silly addNameRange     '3.3.5',
99 silly addNameRange     '3.3.6',
99 silly addNameRange     '1.0.0-beta',
99 silly addNameRange     '1.0.0-beta2',
99 silly addNameRange     '1.0.0-rc',
99 silly addNameRange     '1.0.0-rc2',
99 silly addNameRange     '1.0.0-rc3',
99 silly addNameRange     '1.0.0-rc4',
99 silly addNameRange     '2.0.0-beta',
99 silly addNameRange     '2.0.0-beta2',
99 silly addNameRange     '2.0.0-beta3',
99 silly addNameRange     '2.0.0-rc',
99 silly addNameRange     '2.0.0-rc2',
99 silly addNameRange     '2.0.0-rc3',
99 silly addNameRange     '3.0.0-alpha1',
99 silly addNameRange     '3.0.0-alpha2',
99 silly addNameRange     '3.0.0-alpha3',
99 silly addNameRange     '3.0.0-alpha4',
99 silly addNameRange     '3.0.0-alpha5',
99 silly addNameRange     '3.0.0-beta1',
99 silly addNameRange     '3.0.0-beta2',
99 silly addNameRange     '3.0.0-beta3',
99 silly addNameRange     '3.0.0-beta4',
99 silly addNameRange     '3.0.0-beta6',
99 silly addNameRange     '3.0.0-beta7',
99 silly addNameRange     '3.0.0-rc1',
99 silly addNameRange     '3.0.0-rc2',
99 silly addNameRange     '3.0.0-rc3',
99 silly addNameRange     '3.0.0-rc4',
99 silly addNameRange     '3.0.0-rc5',
99 silly addNameRange     '3.3.7',
99 silly addNameRange     '3.3.8',
99 silly addNameRange     '3.4.0',
99 silly addNameRange     '3.4.1',
99 silly addNameRange     '3.4.2',
99 silly addNameRange     '3.4.3',
99 silly addNameRange     '3.4.4',
99 silly addNameRange     '3.4.5',
99 silly addNameRange     '3.4.6',
99 silly addNameRange     '3.4.7',
99 silly addNameRange     '3.4.8',
99 silly addNameRange     '4.0.0-rc1',
99 silly addNameRange     '4.0.0-rc2',
99 silly addNameRange     '3.5.0',
99 silly addNameRange     '4.0.0-rc3',
99 silly addNameRange     '4.0.0-rc4',
99 silly addNameRange     '3.5.1',
99 silly addNameRange     '4.0.0',
99 silly addNameRange     '3.5.2',
99 silly addNameRange     '4.1.0',
99 silly addNameRange     '4.1.1',
99 silly addNameRange     '3.5.3',
99 silly addNameRange     '4.1.2',
99 silly addNameRange     '3.6.0',
99 silly addNameRange     '4.2.0',
99 silly addNameRange     '3.7.0',
99 silly addNameRange     '3.8.0',
99 silly addNameRange     '4.3.0',
99 silly addNameRange     '4.3.1',
99 silly addNameRange     '3.8.1',
99 silly addNameRange     '4.3.2',
99 silly addNameRange     '3.9.0',
99 silly addNameRange     '4.4.0',
99 silly addNameRange     '4.4.1',
99 silly addNameRange     '3.10.0',
99 silly addNameRange     '3.10.1',
99 silly addNameRange     '3.10.2',
99 silly addNameRange     '3.10.3',
99 silly addNameRange     '3.10.4',
99 silly addNameRange     '4.4.2',
99 silly addNameRange     '3.10.5',
99 silly addNameRange     '4.4.3',
99 silly addNameRange     '3.11.0',
99 silly addNameRange     '4.4.4',
99 silly addNameRange     '3.12.0',
99 silly addNameRange     '3.12.1',
99 silly addNameRange     '4.4.5',
99 silly addNameRange     '3.13.0',
99 silly addNameRange     '4.5.0',
99 silly addNameRange     '4.5.1',
99 silly addNameRange     '3.14.0',
99 silly addNameRange     '4.6.0',
99 silly addNameRange     '4.6.1',
99 silly addNameRange     '3.15.0',
99 silly addNameRange     '4.7.0',
99 silly addNameRange     '3.15.1',
99 silly addNameRange     '4.7.1',
99 silly addNameRange     '3.15.2',
99 silly addNameRange     '4.7.2',
99 silly addNameRange     '4.7.3',
99 silly addNameRange     '3.15.3',
99 silly addNameRange     '4.7.4',
99 silly addNameRange     '3.16.0',
99 silly addNameRange     '4.8.0',
99 silly addNameRange     '3.16.1',
99 silly addNameRange     '4.8.1',
99 silly addNameRange     '3.16.2',
99 silly addNameRange     '4.8.2',
99 silly addNameRange     '3.16.3',
99 silly addNameRange     '3.16.4',
99 silly addNameRange     '4.8.3',
99 silly addNameRange     '3.16.5',
99 silly addNameRange     '3.16.6',
99 silly addNameRange     '4.8.4',
99 silly addNameRange     '3.16.7',
99 silly addNameRange     '4.8.5',
99 silly addNameRange     '3.16.8',
99 silly addNameRange     '4.8.6',
99 silly addNameRange     '3.16.9',
99 silly addNameRange     '4.8.7',
99 silly addNameRange     '3.16.10',
99 silly addNameRange     '4.8.8',
99 silly addNameRange     '3.17.0',
99 silly addNameRange     '3.17.1',
99 silly addNameRange     '4.9.0',
99 silly addNameRange     '3.17.2',
99 silly addNameRange     '4.9.1',
99 silly addNameRange     '4.9.2',
99 silly addNameRange     '3.17.3',
99 silly addNameRange     '4.9.3',
99 silly addNameRange     '3.17.4',
99 silly addNameRange     '4.9.4',
99 silly addNameRange     '3.17.5',
99 silly addNameRange     '4.9.5',
99 silly addNameRange     '3.17.6',
99 silly addNameRange     '3.17.7',
99 silly addNameRange     '4.9.6',
99 silly addNameRange     '4.9.7',
99 silly addNameRange     '3.17.8',
99 silly addNameRange     '4.9.8',
99 silly addNameRange     '3.18.0',
99 silly addNameRange     '3.18.1',
99 silly addNameRange     '4.10.0',
99 silly addNameRange     '3.18.2',
99 silly addNameRange     '4.10.1',
99 silly addNameRange     '5.0.0-alpha.1',
99 silly addNameRange     '3.18.3',
99 silly addNameRange     '4.10.2',
99 silly addNameRange     '3.18.4',
99 silly addNameRange     '4.10.3',
99 silly addNameRange     '4.10.4',
99 silly addNameRange     '4.10.5',
99 silly addNameRange     '3.18.5',
99 silly addNameRange     '3.18.6',
99 silly addNameRange     '4.10.6',
99 silly addNameRange     '4.10.7',
99 silly addNameRange     '3.19.0',
99 silly addNameRange     '4.10.8',
99 silly addNameRange     '4.11.0',
99 silly addNameRange     '3.19.1',
99 silly addNameRange     '4.11.1',
99 silly addNameRange     '3.19.2',
99 silly addNameRange     '4.11.2',
99 silly addNameRange     '3.20.0',
99 silly addNameRange     '4.12.0',
99 silly addNameRange     '3.20.1',
99 silly addNameRange     '4.12.1',
99 silly addNameRange     '4.12.2',
99 silly addNameRange     '3.20.2',
99 silly addNameRange     '4.12.3',
99 silly addNameRange     '3.20.3',
99 silly addNameRange     '4.12.4',
99 silly addNameRange     '3.21.0',
99 silly addNameRange     '4.13.0',
99 silly addNameRange     '3.21.1',
99 silly addNameRange     '4.13.1',
99 silly addNameRange     '5.0.0-alpha.2',
99 silly addNameRange     '3.21.2',
99 silly addNameRange     '4.13.2',
99 silly addNameRange     '4.13.3' ] ]
100 silly addNamed express@4.13.3
101 verbose addNamed "4.13.3" is a plain semver version for express
102 silly mapToRegistry name express
103 silly mapToRegistry using default registry
104 silly mapToRegistry registry https://registry.npmjs.org/
105 silly mapToRegistry uri https://registry.npmjs.org/express
106 verbose addRemoteTarball https://registry.npmjs.org/express/-/express-4.13.3.tgz not in flight; adding
107 verbose addRemoteTarball [ 'https://registry.npmjs.org/express/-/express-4.13.3.tgz',
107 verbose addRemoteTarball   'ddb2f1fb4502bf33598d2b032b037960ca6c80a3' ]
108 info retry fetch attempt 1 at 23:31:57
109 info attempt registry request try #1 at 23:31:57
110 http fetch GET https://registry.npmjs.org/express/-/express-4.13.3.tgz
111 silly cache afterAdd cheerio@0.19.0
112 verbose afterAdd /home/hemang/.npm/cheerio/0.19.0/package/package.json not in flight; writing
113 verbose afterAdd /home/hemang/.npm/cheerio/0.19.0/package/package.json written
114 http fetch 200 https://registry.npmjs.org/express/-/express-4.13.3.tgz
115 silly fetchAndShaCheck shasum ddb2f1fb4502bf33598d2b032b037960ca6c80a3
116 verbose addTmpTarball /tmp/npm-42536-f19c1393/registry.npmjs.org/express/-/express-4.13.3.tgz not in flight; adding
117 verbose addTmpTarball already have metadata; skipping unpack for express@4.13.3
118 silly cache afterAdd express@4.13.3
119 verbose afterAdd /home/hemang/.npm/express/4.13.3/package/package.json not in flight; writing
120 verbose afterAdd /home/hemang/.npm/express/4.13.3/package/package.json written
121 http 200 https://registry.npmjs.org/request
122 verbose headers { server: 'CouchDB/1.5.0 (Erlang OTP/R16B03)',
122 verbose headers   etag: '"393F0XS0TEFOX9NAIHUMCMUFB"',
122 verbose headers   'content-type': 'application/json',
122 verbose headers   'cache-control': 'max-age=60',
122 verbose headers   'content-length': '180324',
122 verbose headers   'accept-ranges': 'bytes',
122 verbose headers   date: 'Tue, 08 Dec 2015 04:32:02 GMT',
122 verbose headers   via: '1.1 varnish',
122 verbose headers   age: '3',
122 verbose headers   connection: 'keep-alive',
122 verbose headers   'x-served-by': 'cache-iad2143-IAD',
122 verbose headers   'x-cache': 'HIT',
122 verbose headers   'x-cache-hits': '1',
122 verbose headers   'x-timer': 'S1449549122.364550,VS0,VE10',
122 verbose headers   vary: 'Accept' }
123 silly get cb [ 200,
123 silly get   { server: 'CouchDB/1.5.0 (Erlang OTP/R16B03)',
123 silly get     etag: '"393F0XS0TEFOX9NAIHUMCMUFB"',
123 silly get     'content-type': 'application/json',
123 silly get     'cache-control': 'max-age=60',
123 silly get     'content-length': '180324',
123 silly get     'accept-ranges': 'bytes',
123 silly get     date: 'Tue, 08 Dec 2015 04:32:02 GMT',
123 silly get     via: '1.1 varnish',
123 silly get     age: '3',
123 silly get     connection: 'keep-alive',
123 silly get     'x-served-by': 'cache-iad2143-IAD',
123 silly get     'x-cache': 'HIT',
123 silly get     'x-cache-hits': '1',
123 silly get     'x-timer': 'S1449549122.364550,VS0,VE10',
123 silly get     vary: 'Accept' } ]
124 verbose get saving request to /home/hemang/.npm/registry.npmjs.org/request/.cache.json
125 silly addNameRange number 2 { name: 'request', range: '>=2.67.0 <3.0.0', hasData: true }
126 silly addNameRange versions [ 'request',
126 silly addNameRange   [ '0.10.0',
126 silly addNameRange     '0.8.3',
126 silly addNameRange     '0.9.0',
126 silly addNameRange     '0.9.1',
126 silly addNameRange     '0.9.5',
126 silly addNameRange     '1.0.0',
126 silly addNameRange     '1.1.0',
126 silly addNameRange     '1.1.1',
126 silly addNameRange     '1.2.0',
126 silly addNameRange     '1.9.0',
126 silly addNameRange     '1.9.1',
126 silly addNameRange     '1.9.2',
126 silly addNameRange     '1.9.3',
126 silly addNameRange     '1.9.5',
126 silly addNameRange     '1.9.7',
126 silly addNameRange     '1.9.8',
126 silly addNameRange     '1.9.9',
126 silly addNameRange     '2.0.0',
126 silly addNameRange     '2.0.1',
126 silly addNameRange     '2.0.2',
126 silly addNameRange     '2.0.3',
126 silly addNameRange     '2.0.4',
126 silly addNameRange     '2.0.5',
126 silly addNameRange     '2.1.0',
126 silly addNameRange     '2.1.1',
126 silly addNameRange     '2.2.0',
126 silly addNameRange     '2.2.5',
126 silly addNameRange     '2.2.6',
126 silly addNameRange     '2.2.9',
126 silly addNameRange     '2.9.0',
126 silly addNameRange     '2.9.1',
126 silly addNameRange     '2.9.2',
126 silly addNameRange     '2.9.3',
126 silly addNameRange     '2.9.100',
126 silly addNameRange     '2.9.150',
126 silly addNameRange     '2.9.151',
126 silly addNameRange     '2.9.152',
126 silly addNameRange     '2.9.153',
126 silly addNameRange     '2.9.200',
126 silly addNameRange     '2.9.201',
126 silly addNameRange     '2.9.202',
126 silly addNameRange     '2.9.203',
126 silly addNameRange     '2.10.0',
126 silly addNameRange     '2.11.0',
126 silly addNameRange     '2.11.1',
126 silly addNameRange     '2.11.2',
126 silly addNameRange     '2.11.3',
126 silly addNameRange     '2.11.4',
126 silly addNameRange     '2.12.0',
126 silly addNameRange     '2.14.0',
126 silly addNameRange     '2.16.0',
126 silly addNameRange     '2.16.2',
126 silly addNameRange     '2.16.4',
126 silly addNameRange     '2.16.6',
126 silly addNameRange     '2.18.0',
126 silly addNameRange     '2.19.0',
126 silly addNameRange     '2.20.0',
126 silly addNameRange     '2.21.0',
126 silly addNameRange     '2.22.0',
126 silly addNameRange     '2.23.0',
126 silly addNameRange     '2.24.0',
126 silly addNameRange     '2.25.0',
126 silly addNameRange     '2.26.0',
126 silly addNameRange     '2.27.0',
126 silly addNameRange     '2.28.0',
126 silly addNameRange     '2.29.0',
126 silly addNameRange     '2.30.0',
126 silly addNameRange     '2.31.0',
126 silly addNameRange     '2.32.0',
126 silly addNameRange     '2.33.0',
126 silly addNameRange     '2.34.0',
126 silly addNameRange     '2.35.0',
126 silly addNameRange     '2.36.0',
126 silly addNameRange     '2.37.0',
126 silly addNameRange     '2.38.0',
126 silly addNameRange     '2.39.0',
126 silly addNameRange     '2.40.0',
126 silly addNameRange     '2.41.0',
126 silly addNameRange     '2.42.0',
126 silly addNameRange     '2.43.0',
126 silly addNameRange     '2.44.0',
126 silly addNameRange     '2.45.0',
126 silly addNameRange     '2.46.0',
126 silly addNameRange     '2.47.0',
126 silly addNameRange     '2.48.0',
126 silly addNameRange     '2.49.0',
126 silly addNameRange     '2.50.0',
126 silly addNameRange     '2.51.0',
126 silly addNameRange     '2.52.0',
126 silly addNameRange     '2.53.0',
126 silly addNameRange     '2.54.0',
126 silly addNameRange     '2.55.0',
126 silly addNameRange     '2.56.0',
126 silly addNameRange     '2.57.0',
126 silly addNameRange     '2.58.0',
126 silly addNameRange     '2.59.0',
126 silly addNameRange     '2.60.0',
126 silly addNameRange     '2.61.0',
126 silly addNameRange     '2.62.0',
126 silly addNameRange     '2.63.0',
126 silly addNameRange     '2.64.0',
126 silly addNameRange     '2.65.0',
126 silly addNameRange     '2.66.0',
126 silly addNameRange     '2.67.0' ] ]
127 silly addNamed request@2.67.0
128 verbose addNamed "2.67.0" is a plain semver version for request
129 silly mapToRegistry name request
130 silly mapToRegistry using default registry
131 silly mapToRegistry registry https://registry.npmjs.org/
132 silly mapToRegistry uri https://registry.npmjs.org/request
133 verbose addRemoteTarball https://registry.npmjs.org/request/-/request-2.67.0.tgz not in flight; adding
134 verbose addRemoteTarball [ 'https://registry.npmjs.org/request/-/request-2.67.0.tgz',
134 verbose addRemoteTarball   '8af74780e2bf11ea0ae9aa965c11f11afd272742' ]
135 info retry fetch attempt 1 at 23:32:02
136 info attempt registry request try #1 at 23:32:02
137 http fetch GET https://registry.npmjs.org/request/-/request-2.67.0.tgz
138 http 200 https://registry.npmjs.org/oracle
139 verbose headers { server: 'CouchDB/1.5.0 (Erlang OTP/R16B03)',
139 verbose headers   etag: '"HWHFB0UDWL1GGKKH3J7K4WMA"',
139 verbose headers   'content-type': 'application/json',
139 verbose headers   'cache-control': 'max-age=60',
139 verbose headers   'content-length': '22659',
139 verbose headers   'accept-ranges': 'bytes',
139 verbose headers   date: 'Tue, 08 Dec 2015 04:32:02 GMT',
139 verbose headers   via: '1.1 varnish',
139 verbose headers   age: '0',
139 verbose headers   connection: 'close',
139 verbose headers   'x-served-by': 'cache-iad2140-IAD',
139 verbose headers   'x-cache': 'MISS',
139 verbose headers   'x-cache-hits': '0',
139 verbose headers   'x-timer': 'S1449549122.373678,VS0,VE101',
139 verbose headers   vary: 'Accept' }
140 silly get cb [ 200,
140 silly get   { server: 'CouchDB/1.5.0 (Erlang OTP/R16B03)',
140 silly get     etag: '"HWHFB0UDWL1GGKKH3J7K4WMA"',
140 silly get     'content-type': 'application/json',
140 silly get     'cache-control': 'max-age=60',
140 silly get     'content-length': '22659',
140 silly get     'accept-ranges': 'bytes',
140 silly get     date: 'Tue, 08 Dec 2015 04:32:02 GMT',
140 silly get     via: '1.1 varnish',
140 silly get     age: '0',
140 silly get     connection: 'close',
140 silly get     'x-served-by': 'cache-iad2140-IAD',
140 silly get     'x-cache': 'MISS',
140 silly get     'x-cache-hits': '0',
140 silly get     'x-timer': 'S1449549122.373678,VS0,VE101',
140 silly get     vary: 'Accept' } ]
141 verbose get saving oracle to /home/hemang/.npm/registry.npmjs.org/oracle/.cache.json
142 silly addNameRange number 2 { name: 'oracle', range: '>=1.4.0 <2.0.0', hasData: true }
143 silly addNameRange versions [ 'oracle',
143 silly addNameRange   [ '0.1.0',
143 silly addNameRange     '0.1.1',
143 silly addNameRange     '0.1.2',
143 silly addNameRange     '0.1.3',
143 silly addNameRange     '0.2.0',
143 silly addNameRange     '0.3.0',
143 silly addNameRange     '0.3.1',
143 silly addNameRange     '0.3.2',
143 silly addNameRange     '0.3.3',
143 silly addNameRange     '0.3.4',
143 silly addNameRange     '0.3.5',
143 silly addNameRange     '0.3.6',
143 silly addNameRange     '0.3.7',
143 silly addNameRange     '0.3.8' ] ]
144 http fetch 200 https://registry.npmjs.org/request/-/request-2.67.0.tgz
145 silly fetchAndShaCheck shasum 8af74780e2bf11ea0ae9aa965c11f11afd272742
146 verbose addTmpTarball /tmp/npm-42536-f19c1393/registry.npmjs.org/request/-/request-2.67.0.tgz not in flight; adding
147 verbose addTmpTarball already have metadata; skipping unpack for request@2.67.0
148 silly cache afterAdd request@2.67.0
149 verbose afterAdd /home/hemang/.npm/request/2.67.0/package/package.json not in flight; writing
150 verbose afterAdd /home/hemang/.npm/request/2.67.0/package/package.json written
151 verbose stack Error: No compatible version found: oracle@'>=1.4.0 <2.0.0'
151 verbose stack Valid install targets:
151 verbose stack ["0.1.0","0.1.1","0.1.2","0.1.3","0.2.0","0.3.0","0.3.1","0.3.2","0.3.3","0.3.4","0.3.5","0.3.6","0.3.7","0.3.8"]
151 verbose stack
151 verbose stack     at installTargetsError (/usr/local/lib/node_modules/npm/lib/cache/add-named.js:284:12)
151 verbose stack     at next (/usr/local/lib/node_modules/npm/lib/cache/add-named.js:262:19)
151 verbose stack     at setData (/usr/local/lib/node_modules/npm/lib/cache/add-named.js:236:5)
151 verbose stack     at RES (/usr/local/lib/node_modules/npm/node_modules/inflight/inflight.js:23:14)
151 verbose stack     at f (/usr/local/lib/node_modules/npm/node_modules/once/once.js:17:25)
151 verbose stack     at fixName (/usr/local/lib/node_modules/npm/lib/cache/add-named.js:29:5)
151 verbose stack     at saved (/usr/local/lib/node_modules/npm/lib/cache/caching-client.js:173:7)
151 verbose stack     at /usr/local/lib/node_modules/npm/node_modules/graceful-fs/polyfills.js:210:7
151 verbose stack     at FSReqWrap.oncomplete (fs.js:82:15)
152 verbose cwd /home/hemang/oracle-parser
153 error Linux 3.16.0-4-amd64
154 error argv "/usr/local/bin/node" "/usr/local/bin/npm" "install"
155 error node v4.2.3
156 error npm  v2.14.7
157 error code ETARGET
158 error notarget No compatible version found: oracle@'>=1.4.0 <2.0.0'
158 error notarget Valid install targets:
158 error notarget ["0.1.0","0.1.1","0.1.2","0.1.3","0.2.0","0.3.0","0.3.1","0.3.2","0.3.3","0.3.4","0.3.5","0.3.6","0.3.7","0.3.8"]
158 error notarget
158 error notarget This is most likely not a problem with npm itself.
158 error notarget In most cases you or one of your dependencies are requesting
158 error notarget a package version that doesn't exist.
158 error notarget
158 error notarget It was specified as a dependency of 'sampleapp'
159 verbose exit [ 1, true ]
